app/build/intermediates/manifest_merge_blame_file/debug/processDebugMainManifest/manifest-merger-blame-debug-report.txt
1<?xml version="1.0" encoding="utf-8"?>
2<manifest xmlns:android="http://schemas.android.com/apk/res/android"
3    package="com.example.visualock"
4    android:versionCode="1"
5    android:versionName="1.0" >
6
7    <uses-sdk
8        android:minSdkVersion="24"
9        android:targetSdkVersion="34" />
10
11    <uses-permission android:name="android.permission.INTERNET" />
11-->src/main/AndroidManifest.xml:5:5-67
11-->src/main/AndroidManifest.xml:5:22-64
12    <uses-permission android:name="android.permission.ACCESS_NETWORK_STATE" />
12-->[com.google.firebase:firebase-auth:22.3.1] AndroidManifest.xml:26:5-79
12-->[com.google.firebase:firebase-auth:22.3.1] AndroidManifest.xml:26:22-76
13    <uses-permission android:name="com.google.android.providers.gsf.permission.READ_GSERVICES" />
13-->[com.google.android.recaptcha:recaptcha:18.4.0] AndroidManifest.xml:9:5-98
13-->[com.google.android.recaptcha:recaptcha:18.4.0] AndroidManifest.xml:9:22-95
14
15    <permission
15-->[androidx.core:core:1.9.0] AndroidManifest.xml:22:5-24:47
16        android:name="com.example.visualock.DYNAMIC_RECEIVER_NOT_EXPORTED_PERMISSION"
16-->[androidx.core:core:1.9.0] AndroidManifest.xml:23:9-81
17        android:protectionLevel="signature" />
17-->[androidx.core:core:1.9.0] AndroidManifest.xml:24:9-44
18
19    <uses-permission android:name="com.example.visualock.DYNAMIC_RECEIVER_NOT_EXPORTED_PERMISSION" />
19-->[androidx.core:core:1.9.0] AndroidManifest.xml:26:5-97
19-->[androidx.core:core:1.9.0] AndroidManifest.xml:26:22-94
20
21    <application
21-->src/main/AndroidManifest.xml:7:5-71:19
22        android:allowBackup="true"
22-->src/main/AndroidManifest.xml:8:9-35
23        android:appComponentFactory="androidx.core.app.CoreComponentFactory"
23-->[androidx.core:core:1.9.0] AndroidManifest.xml:28:18-86
24        android:dataExtractionRules="@xml/data_extraction_rules"
24-->src/main/AndroidManifest.xml:9:9-65
25        android:debuggable="true"
26        android:extractNativeLibs="false"
27        android:fullBackupContent="@xml/backup_rules"
27-->src/main/AndroidManifest.xml:10:9-54
28        android:icon="@drawable/visualock_app_logo"
28-->src/main/AndroidManifest.xml:11:9-52
29        android:label="@string/app_name"
29-->src/main/AndroidManifest.xml:12:9-41
30        android:roundIcon="@drawable/visualock_app_logo"
30-->src/main/AndroidManifest.xml:13:9-57
31        android:supportsRtl="true"
31-->src/main/AndroidManifest.xml:14:9-35
32        android:testOnly="true"
33        android:theme="@style/Theme.VisuaLock" >
33-->src/main/AndroidManifest.xml:15:9-47
34        <activity
34-->src/main/AndroidManifest.xml:17:9-25:20
35            android:name="com.example.visualock.SplashActivity"
35-->src/main/AndroidManifest.xml:18:13-43
36            android:exported="true"
36-->src/main/AndroidManifest.xml:19:13-36
37            android:theme="@style/Theme.NoSplashScreen" >
37-->src/main/AndroidManifest.xml:20:13-56
38>
39            <intent-filter>
39-->src/main/AndroidManifest.xml:21:13-24:29
40                <action android:name="android.intent.action.MAIN" />
40-->src/main/AndroidManifest.xml:22:17-69
40-->src/main/AndroidManifest.xml:22:25-66
41
42                <category android:name="android.intent.category.LAUNCHER" />
42-->src/main/AndroidManifest.xml:23:17-77
42-->src/main/AndroidManifest.xml:23:27-74
43            </intent-filter>
44        </activity>
45        <activity
45-->src/main/AndroidManifest.xml:26:9-28:40
46            android:name="com.example.visualock.StorageActivity"
46-->src/main/AndroidManifest.xml:27:13-44
47            android:exported="false" />
47-->src/main/AndroidManifest.xml:28:13-37
48        <activity
48-->src/main/AndroidManifest.xml:29:9-31:40
49            android:name="com.example.visualock.AddImageActivity"
49-->src/main/AndroidManifest.xml:30:13-45
50            android:exported="false" />
50-->src/main/AndroidManifest.xml:31:13-37
51        <activity
51-->src/main/AndroidManifest.xml:32:9-34:40
52            android:name="com.example.visualock.EditNameDialogFragment"
52-->src/main/AndroidManifest.xml:33:13-51
53            android:exported="false" />
53-->src/main/AndroidManifest.xml:34:13-37
54        <activity
54-->src/main/AndroidManifest.xml:35:9-38:59
55            android:name="com.example.visualock.AboutActivity"
55-->src/main/AndroidManifest.xml:36:13-42
56            android:exported="false"
56-->src/main/AndroidManifest.xml:37:13-37
57            android:theme="@style/AppTheme.NoActionBar" />
57-->src/main/AndroidManifest.xml:38:13-56
58        <activity
58-->src/main/AndroidManifest.xml:39:9-42:59
59            android:name="com.example.visualock.SettingActivity"
59-->src/main/AndroidManifest.xml:40:13-44
60            android:exported="false"
60-->src/main/AndroidManifest.xml:41:13-37
61            android:theme="@style/AppTheme.NoActionBar" />
61-->src/main/AndroidManifest.xml:42:13-56
62        <activity
62-->src/main/AndroidManifest.xml:43:9-46:59
63            android:name="com.example.visualock.ProfileActivity"
63-->src/main/AndroidManifest.xml:44:13-44
64            android:exported="false"
64-->src/main/AndroidManifest.xml:45:13-37
65            android:theme="@style/AppTheme.NoActionBar" />
65-->src/main/AndroidManifest.xml:46:13-56
66        <activity
66-->src/main/AndroidManifest.xml:47:9-50:59
67            android:name="com.example.visualock.ForgotPasswordActivity"
67-->src/main/AndroidManifest.xml:48:13-51
68            android:exported="false"
68-->src/main/AndroidManifest.xml:49:13-37
69            android:theme="@style/AppTheme.NoActionBar" />
69-->src/main/AndroidManifest.xml:50:13-56
70        <activity
70-->src/main/AndroidManifest.xml:51:9-54:59
71            android:name="com.example.visualock.RegisterActivity"
71-->src/main/AndroidManifest.xml:52:13-45
72            android:exported="false"
72-->src/main/AndroidManifest.xml:53:13-37
73            android:theme="@style/AppTheme.NoActionBar" />
73-->src/main/AndroidManifest.xml:54:13-56
74        <activity
74-->src/main/AndroidManifest.xml:55:9-58:59
75            android:name="com.example.visualock.LoginActivity"
75-->src/main/AndroidManifest.xml:56:13-42
76            android:exported="false"
76-->src/main/AndroidManifest.xml:57:13-37
77            android:theme="@style/AppTheme.NoActionBar" />
77-->src/main/AndroidManifest.xml:58:13-56
78        <activity
78-->src/main/AndroidManifest.xml:59:9-62:59
79            android:name="com.example.visualock.GraphPasswordActivity"
79-->src/main/AndroidManifest.xml:60:13-50
80            android:exported="false"
80-->src/main/AndroidManifest.xml:61:13-37
81            android:theme="@style/AppTheme.NoActionBar" />
81-->src/main/AndroidManifest.xml:62:13-56
82        <activity
82-->src/main/AndroidManifest.xml:63:9-66:58
83            android:name="com.example.visualock.GraphLoginActivity"
83-->src/main/AndroidManifest.xml:64:13-47
84            android:exported="true"
84-->src/main/AndroidManifest.xml:65:13-36
85            android:theme="@style/AppTheme.NoActionBar" />
85-->src/main/AndroidManifest.xml:66:13-56
86        <activity
86-->src/main/AndroidManifest.xml:67:9-70:48
87            android:name="com.example.visualock.MainActivity"
87-->src/main/AndroidManifest.xml:68:13-41
88            android:exported="true"
88-->src/main/AndroidManifest.xml:69:13-36
89            android:label="@string/app_name" />
89-->src/main/AndroidManifest.xml:70:13-45
90        <activity
90-->[com.google.android.gms:play-services-auth:20.2.0] AndroidManifest.xml:23:9-27:75
91            android:name="com.google.android.gms.auth.api.signin.internal.SignInHubActivity"
91-->[com.google.android.gms:play-services-auth:20.2.0] AndroidManifest.xml:24:13-93
92            android:excludeFromRecents="true"
92-->[com.google.android.gms:play-services-auth:20.2.0] AndroidManifest.xml:25:13-46
93            android:exported="false"
93-->[com.google.android.gms:play-services-auth:20.2.0] AndroidManifest.xml:26:13-37
94            android:theme="@android:style/Theme.Translucent.NoTitleBar" />
94-->[com.google.android.gms:play-services-auth:20.2.0] AndroidManifest.xml:27:13-72
95        <!--
96            Service handling Google Sign-In user revocation. For apps that do not integrate with
97            Google Sign-In, this service will never be started.
98        -->
99        <service
99-->[com.google.android.gms:play-services-auth:20.2.0] AndroidManifest.xml:33:9-37:51
100            android:name="com.google.android.gms.auth.api.signin.RevocationBoundService"
100-->[com.google.android.gms:play-services-auth:20.2.0] AndroidManifest.xml:34:13-89
101            android:exported="true"
101-->[com.google.android.gms:play-services-auth:20.2.0] AndroidManifest.xml:35:13-36
102            android:permission="com.google.android.gms.auth.api.signin.permission.REVOCATION_NOTIFICATION"
102-->[com.google.android.gms:play-services-auth:20.2.0] AndroidManifest.xml:36:13-107
103            android:visibleToInstantApps="true" />
103-->[com.google.android.gms:play-services-auth:20.2.0] AndroidManifest.xml:37:13-48
104
105        <activity
105-->[com.google.firebase:firebase-auth:22.3.1] AndroidManifest.xml:29:9-46:20
106            android:name="com.google.firebase.auth.internal.GenericIdpActivity"
106-->[com.google.firebase:firebase-auth:22.3.1] AndroidManifest.xml:30:13-80
107            android:excludeFromRecents="true"
107-->[com.google.firebase:firebase-auth:22.3.1] AndroidManifest.xml:31:13-46
108            android:exported="true"
108-->[com.google.firebase:firebase-auth:22.3.1] AndroidManifest.xml:32:13-36
109            android:launchMode="singleTask"
109-->[com.google.firebase:firebase-auth:22.3.1] AndroidManifest.xml:33:13-44
110            android:theme="@android:style/Theme.Translucent.NoTitleBar" >
110-->[com.google.firebase:firebase-auth:22.3.1] AndroidManifest.xml:34:13-72
111            <intent-filter>
111-->[com.google.firebase:firebase-auth:22.3.1] AndroidManifest.xml:35:13-45:29
112                <action android:name="android.intent.action.VIEW" />
112-->[com.google.firebase:firebase-auth:22.3.1] AndroidManifest.xml:36:17-69
112-->[com.google.firebase:firebase-auth:22.3.1] AndroidManifest.xml:36:25-66
113
114                <category android:name="android.intent.category.DEFAULT" />
114-->[com.google.firebase:firebase-auth:22.3.1] AndroidManifest.xml:38:17-76
114-->[com.google.firebase:firebase-auth:22.3.1] AndroidManifest.xml:38:27-73
115                <category android:name="android.intent.category.BROWSABLE" />
115-->[com.google.firebase:firebase-auth:22.3.1] AndroidManifest.xml:39:17-78
115-->[com.google.firebase:firebase-auth:22.3.1] AndroidManifest.xml:39:27-75
116
117                <data
117-->[com.google.firebase:firebase-auth:22.3.1] AndroidManifest.xml:41:17-44:51
118                    android:host="firebase.auth"
118-->[com.google.firebase:firebase-auth:22.3.1] AndroidManifest.xml:42:21-49
119                    android:path="/"
119-->[com.google.firebase:firebase-auth:22.3.1] AndroidManifest.xml:43:21-37
120                    android:scheme="genericidp" />
120-->[com.google.firebase:firebase-auth:22.3.1] AndroidManifest.xml:44:21-48
121            </intent-filter>
122        </activity>
123        <activity
123-->[com.google.firebase:firebase-auth:22.3.1] AndroidManifest.xml:47:9-64:20
124            android:name="com.google.firebase.auth.internal.RecaptchaActivity"
124-->[com.google.firebase:firebase-auth:22.3.1] AndroidManifest.xml:48:13-79
125            android:excludeFromRecents="true"
125-->[com.google.firebase:firebase-auth:22.3.1] AndroidManifest.xml:49:13-46
126            android:exported="true"
126-->[com.google.firebase:firebase-auth:22.3.1] AndroidManifest.xml:50:13-36
127            android:launchMode="singleTask"
127-->[com.google.firebase:firebase-auth:22.3.1] AndroidManifest.xml:51:13-44
128            android:theme="@android:style/Theme.Translucent.NoTitleBar" >
128-->[com.google.firebase:firebase-auth:22.3.1] AndroidManifest.xml:52:13-72
129            <intent-filter>
129-->[com.google.firebase:firebase-auth:22.3.1] AndroidManifest.xml:53:13-63:29
130                <action android:name="android.intent.action.VIEW" />
130-->[com.google.firebase:firebase-auth:22.3.1] AndroidManifest.xml:36:17-69
130-->[com.google.firebase:firebase-auth:22.3.1] AndroidManifest.xml:36:25-66
131
132                <category android:name="android.intent.category.DEFAULT" />
132-->[com.google.firebase:firebase-auth:22.3.1] AndroidManifest.xml:38:17-76
132-->[com.google.firebase:firebase-auth:22.3.1] AndroidManifest.xml:38:27-73
133                <category android:name="android.intent.category.BROWSABLE" />
133-->[com.google.firebase:firebase-auth:22.3.1] AndroidManifest.xml:39:17-78
133-->[com.google.firebase:firebase-auth:22.3.1] AndroidManifest.xml:39:27-75
134
135                <data
135-->[com.google.firebase:firebase-auth:22.3.1] AndroidManifest.xml:41:17-44:51
136                    android:host="firebase.auth"
136-->[com.google.firebase:firebase-auth:22.3.1] AndroidManifest.xml:42:21-49
137                    android:path="/"
137-->[com.google.firebase:firebase-auth:22.3.1] AndroidManifest.xml:43:21-37
138                    android:scheme="recaptcha" />
138-->[com.google.firebase:firebase-auth:22.3.1] AndroidManifest.xml:44:21-48
139            </intent-filter>
140        </activity>
141
142        <service
142-->[com.google.firebase:firebase-auth:22.3.1] AndroidManifest.xml:66:9-72:19
143            android:name="com.google.firebase.components.ComponentDiscoveryService"
143-->[com.google.firebase:firebase-auth:22.3.1] AndroidManifest.xml:67:13-84
144            android:directBootAware="true"
144-->[com.google.firebase:firebase-common:20.4.2] AndroidManifest.xml:32:13-43
145            android:exported="false" >
145-->[com.google.firebase:firebase-auth:22.3.1] AndroidManifest.xml:68:13-37
146            <meta-data
146-->[com.google.firebase:firebase-auth:22.3.1] AndroidManifest.xml:69:13-71:85
147                android:name="com.google.firebase.components:com.google.firebase.auth.FirebaseAuthRegistrar"
147-->[com.google.firebase:firebase-auth:22.3.1] AndroidManifest.xml:70:17-109
148                android:value="com.google.firebase.components.ComponentRegistrar" />
148-->[com.google.firebase:firebase-auth:22.3.1] AndroidManifest.xml:71:17-82
149            <meta-data
149-->[com.google.firebase:firebase-firestore:24.10.3] AndroidManifest.xml:17:13-19:85
150                android:name="com.google.firebase.components:com.google.firebase.firestore.FirebaseFirestoreKtxRegistrar"
150-->[com.google.firebase:firebase-firestore:24.10.3] AndroidManifest.xml:18:17-122
151                android:value="com.google.firebase.components.ComponentRegistrar" />
151-->[com.google.firebase:firebase-firestore:24.10.3] AndroidManifest.xml:19:17-82
152            <meta-data
152-->[com.google.firebase:firebase-firestore:24.10.3] AndroidManifest.xml:20:13-22:85
153                android:name="com.google.firebase.components:com.google.firebase.firestore.FirestoreRegistrar"
153-->[com.google.firebase:firebase-firestore:24.10.3] AndroidManifest.xml:21:17-111
154                android:value="com.google.firebase.components.ComponentRegistrar" />
154-->[com.google.firebase:firebase-firestore:24.10.3] AndroidManifest.xml:22:17-82
155            <meta-data
155-->[com.google.firebase:firebase-storage:19.1.1] AndroidManifest.xml:33:13-35:85
156                android:name="com.google.firebase.components:com.google.firebase.storage.StorageRegistrar"
156-->[com.google.firebase:firebase-storage:19.1.1] AndroidManifest.xml:34:17-107
157                android:value="com.google.firebase.components.ComponentRegistrar" />
157-->[com.google.firebase:firebase-storage:19.1.1] AndroidManifest.xml:35:17-82
158            <meta-data
158-->[com.google.firebase:firebase-common-ktx:20.4.2] AndroidManifest.xml:12:13-14:85
159                android:name="com.google.firebase.components:com.google.firebase.ktx.FirebaseCommonLegacyRegistrar"
159-->[com.google.firebase:firebase-common-ktx:20.4.2] AndroidManifest.xml:13:17-116
160                android:value="com.google.firebase.components.ComponentRegistrar" />
160-->[com.google.firebase:firebase-common-ktx:20.4.2] AndroidManifest.xml:14:17-82
161            <meta-data
161-->[com.google.firebase:firebase-common:20.4.2] AndroidManifest.xml:35:13-37:85
162                android:name="com.google.firebase.components:com.google.firebase.FirebaseCommonKtxRegistrar"
162-->[com.google.firebase:firebase-common:20.4.2] AndroidManifest.xml:36:17-109
163                android:value="com.google.firebase.components.ComponentRegistrar" />
163-->[com.google.firebase:firebase-common:20.4.2] AndroidManifest.xml:37:17-82
164        </service>
165
166        <activity
166-->[com.google.android.gms:play-services-base:18.0.1] AndroidManifest.xml:20:9-22:45
167            android:name="com.google.android.gms.common.api.GoogleApiActivity"
167-->[com.google.android.gms:play-services-base:18.0.1] AndroidManifest.xml:20:19-85
168            android:exported="false"
168-->[com.google.android.gms:play-services-base:18.0.1] AndroidManifest.xml:22:19-43
169            android:theme="@android:style/Theme.Translucent.NoTitleBar" />
169-->[com.google.android.gms:play-services-base:18.0.1] AndroidManifest.xml:21:19-78
170
171        <provider
171-->[com.google.firebase:firebase-common:20.4.2] AndroidManifest.xml:23:9-28:39
172            android:name="com.google.firebase.provider.FirebaseInitProvider"
172-->[com.google.firebase:firebase-common:20.4.2] AndroidManifest.xml:24:13-77
173            android:authorities="com.example.visualock.firebaseinitprovider"
173-->[com.google.firebase:firebase-common:20.4.2] AndroidManifest.xml:25:13-72
174            android:directBootAware="true"
174-->[com.google.firebase:firebase-common:20.4.2] AndroidManifest.xml:26:13-43
175            android:exported="false"
175-->[com.google.firebase:firebase-common:20.4.2] AndroidManifest.xml:27:13-37
176            android:initOrder="100" />
176-->[com.google.firebase:firebase-common:20.4.2] AndroidManifest.xml:28:13-36
177        <provider
177-->[androidx.emoji2:emoji2:1.2.0] AndroidManifest.xml:24:9-32:20
178            android:name="androidx.startup.InitializationProvider"
178-->[androidx.emoji2:emoji2:1.2.0] AndroidManifest.xml:25:13-67
179            android:authorities="com.example.visualock.androidx-startup"
179-->[androidx.emoji2:emoji2:1.2.0] AndroidManifest.xml:26:13-68
180            android:exported="false" >
180-->[androidx.emoji2:emoji2:1.2.0] AndroidManifest.xml:27:13-37
181            <meta-data
181-->[androidx.emoji2:emoji2:1.2.0] AndroidManifest.xml:29:13-31:52
182                android:name="androidx.emoji2.text.EmojiCompatInitializer"
182-->[androidx.emoji2:emoji2:1.2.0] AndroidManifest.xml:30:17-75
183                android:value="androidx.startup" />
183-->[androidx.emoji2:emoji2:1.2.0] AndroidManifest.xml:31:17-49
184            <meta-data
184-->[androidx.lifecycle:lifecycle-process:2.7.0] AndroidManifest.xml:29:13-31:52
185                android:name="androidx.lifecycle.ProcessLifecycleInitializer"
185-->[androidx.lifecycle:lifecycle-process:2.7.0] AndroidManifest.xml:30:17-78
186                android:value="androidx.startup" />
186-->[androidx.lifecycle:lifecycle-process:2.7.0] AndroidManifest.xml:31:17-49
187            <meta-data
187-->[androidx.profileinstaller:profileinstaller:1.3.0] AndroidManifest.xml:29:13-31:52
188                android:name="androidx.profileinstaller.ProfileInstallerInitializer"
188-->[androidx.profileinstaller:profileinstaller:1.3.0] AndroidManifest.xml:30:17-85
189                android:value="androidx.startup" />
189-->[androidx.profileinstaller:profileinstaller:1.3.0] AndroidManifest.xml:31:17-49
190        </provider>
191
192        <uses-library
192-->[androidx.window:window:1.0.0] AndroidManifest.xml:25:9-27:40
193            android:name="androidx.window.extensions"
193-->[androidx.window:window:1.0.0] AndroidManifest.xml:26:13-54
194            android:required="false" />
194-->[androidx.window:window:1.0.0] AndroidManifest.xml:27:13-37
195        <uses-library
195-->[androidx.window:window:1.0.0] AndroidManifest.xml:28:9-30:40
196            android:name="androidx.window.sidecar"
196-->[androidx.window:window:1.0.0] AndroidManifest.xml:29:13-51
197            android:required="false" />
197-->[androidx.window:window:1.0.0] AndroidManifest.xml:30:13-37
198
199        <meta-data
199-->[com.google.android.gms:play-services-basement:18.1.0] AndroidManifest.xml:21:9-23:69
200            android:name="com.google.android.gms.version"
200-->[com.google.android.gms:play-services-basement:18.1.0] AndroidManifest.xml:22:13-58
201            android:value="@integer/google_play_services_version" />
201-->[com.google.android.gms:play-services-basement:18.1.0] AndroidManifest.xml:23:13-66
202
203        <provider
203-->[com.squareup.picasso:picasso:2.71828] AndroidManifest.xml:8:9-11:40
204            android:name="com.squareup.picasso.PicassoProvider"
204-->[com.squareup.picasso:picasso:2.71828] AndroidManifest.xml:9:13-64
205            android:authorities="com.example.visualock.com.squareup.picasso"
205-->[com.squareup.picasso:picasso:2.71828] AndroidManifest.xml:10:13-72
206            android:exported="false" />
206-->[com.squareup.picasso:picasso:2.71828] AndroidManifest.xml:11:13-37
207
208        <receiver
208-->[androidx.profileinstaller:profileinstaller:1.3.0] AndroidManifest.xml:34:9-52:20
209            android:name="androidx.profileinstaller.ProfileInstallReceiver"
209-->[androidx.profileinstaller:profileinstaller:1.3.0] AndroidManifest.xml:35:13-76
210            android:directBootAware="false"
210-->[androidx.profileinstaller:profileinstaller:1.3.0] AndroidManifest.xml:36:13-44
211            android:enabled="true"
211-->[androidx.profileinstaller:profileinstaller:1.3.0] AndroidManifest.xml:37:13-35
212            android:exported="true"
212-->[androidx.profileinstaller:profileinstaller:1.3.0] AndroidManifest.xml:38:13-36
213            android:permission="android.permission.DUMP" >
213-->[androidx.profileinstaller:profileinstaller:1.3.0] AndroidManifest.xml:39:13-57
214            <intent-filter>
214-->[androidx.profileinstaller:profileinstaller:1.3.0] AndroidManifest.xml:40:13-42:29
215                <action android:name="androidx.profileinstaller.action.INSTALL_PROFILE" />
215-->[androidx.profileinstaller:profileinstaller:1.3.0] AndroidManifest.xml:41:17-91
215-->[androidx.profileinstaller:profileinstaller:1.3.0] AndroidManifest.xml:41:25-88
216            </intent-filter>
217            <intent-filter>
217-->[androidx.profileinstaller:profileinstaller:1.3.0] AndroidManifest.xml:43:13-45:29
218                <action android:name="androidx.profileinstaller.action.SKIP_FILE" />
218-->[androidx.profileinstaller:profileinstaller:1.3.0] AndroidManifest.xml:44:17-85
218-->[androidx.profileinstaller:profileinstaller:1.3.0] AndroidManifest.xml:44:25-82
219            </intent-filter>
220            <intent-filter>
220-->[androidx.profileinstaller:profileinstaller:1.3.0] AndroidManifest.xml:46:13-48:29
221                <action android:name="androidx.profileinstaller.action.SAVE_PROFILE" />
221-->[androidx.profileinstaller:profileinstaller:1.3.0] AndroidManifest.xml:47:17-88
221-->[androidx.profileinstaller:profileinstaller:1.3.0] AndroidManifest.xml:47:25-85
222            </intent-filter>
223            <intent-filter>
223-->[androidx.profileinstaller:profileinstaller:1.3.0] AndroidManifest.xml:49:13-51:29
224                <action android:name="androidx.profileinstaller.action.BENCHMARK_OPERATION" />
224-->[androidx.profileinstaller:profileinstaller:1.3.0] AndroidManifest.xml:50:17-95
224-->[androidx.profileinstaller:profileinstaller:1.3.0] AndroidManifest.xml:50:25-92
225            </intent-filter>
226        </receiver>
227    </application>
228
229</manifest>